<?xml version="1.0" encoding="UTF-8"?>
<testsuite name="rlan.net.tunnel.IpPacketTest" tests="5" skipped="0" failures="0" errors="0" timestamp="2026-09-19T01:38:20" hostname="JIANG" time="0.186">
  <properties/>
  <testcase name="source和Destination_解析IPv4地址()" classname="rlan.net.tunnel.IpPacketTest" time="0.16"/>
  <testcase name="totalLength_解析IPv4总长度()" classname="rlan.net.tunnel.IpPacketTest" time="0.006"/>
  <testcase name="headerLength_解析IPv4头长度()" classname="rlan.net.tunnel.IpPacketTest" time="0.003"/>
  <testcase name="version_解析IPv4包()" classname="rlan.net.tunnel.IpPacketTest" time="0.003"/>
  <testcase name="version_解析IPv6包()" classname="rlan.net.tunnel.IpPacketTest" time="0.002"/>
  <system-out><![CDATA[]]></system-out>
  <system-err><![CDATA[]]></system-err>
</testsuite>
